{"/home/lalo/projects/udemy/fernando-herrera/react/react-cero-experto-pruebas-intro/src/base-pruebas/02-template-string.js": {"path":"/home/lalo/projects/udemy/fernando-herrera/react/react-cero-experto-pruebas-intro/src/base-pruebas/02-template-string.js","statementMap":{"0":{"start":{"line":2,"column":2},"end":{"line":2,"column":26}}},"fnMap":{"0":{"name":"getSaludo","decl":{"start":{"line":1,"column":16},"end":{"line":1,"column":25}},"loc":{"start":{"line":1,"column":34},"end":{"line":3,"column":1}},"line":1}},"branchMap":{},"s":{"0":1},"f":{"0":1},"b":{},"_coverageSchema":"1a1c01bbd47fc00a2c39e90264f33305004495a9","hash":"c19ab5fe6444a0946bb0397a18529d4a40cf179b"}
,"/home/lalo/projects/udemy/fernando-herrera/react/react-cero-experto-pruebas-intro/src/base-pruebas/05-funciones.js": {"path":"/home/lalo/projects/udemy/fernando-herrera/react/react-cero-experto-pruebas-intro/src/base-pruebas/05-funciones.js","statementMap":{"0":{"start":{"line":1,"column":23},"end":{"line":4,"column":2}},"1":{"start":{"line":1,"column":30},"end":{"line":4,"column":1}},"2":{"start":{"line":7,"column":32},"end":{"line":10,"column":2}},"3":{"start":{"line":7,"column":46},"end":{"line":10,"column":1}}},"fnMap":{"0":{"name":"(anonymous_0)","decl":{"start":{"line":1,"column":23},"end":{"line":1,"column":24}},"loc":{"start":{"line":1,"column":30},"end":{"line":4,"column":1}},"line":1},"1":{"name":"(anonymous_1)","decl":{"start":{"line":7,"column":32},"end":{"line":7,"column":33}},"loc":{"start":{"line":7,"column":46},"end":{"line":10,"column":1}},"line":7}},"branchMap":{},"s":{"0":1,"1":1,"2":1,"3":1},"f":{"0":1,"1":1},"b":{},"_coverageSchema":"1a1c01bbd47fc00a2c39e90264f33305004495a9","hash":"d9a77d0685751fd90bd5a67d9cc1a5526719a5b4"}
,"/home/lalo/projects/udemy/fernando-herrera/react/react-cero-experto-pruebas-intro/src/base-pruebas/06-deses-obj.js": {"path":"/home/lalo/projects/udemy/fernando-herrera/react/react-cero-experto-pruebas-intro/src/base-pruebas/06-deses-obj.js","statementMap":{"0":{"start":{"line":1,"column":25},"end":{"line":10,"column":1}},"1":{"start":{"line":2,"column":2},"end":{"line":9,"column":4}}},"fnMap":{"0":{"name":"(anonymous_0)","decl":{"start":{"line":1,"column":25},"end":{"line":1,"column":26}},"loc":{"start":{"line":1,"column":73},"end":{"line":10,"column":1}},"line":1}},"branchMap":{"0":{"loc":{"start":{"line":1,"column":49},"end":{"line":1,"column":66}},"type":"default-arg","locations":[{"start":{"line":1,"column":57},"end":{"line":1,"column":66}}],"line":1}},"s":{"0":1,"1":1},"f":{"0":1},"b":{"0":[1]},"_coverageSchema":"1a1c01bbd47fc00a2c39e90264f33305004495a9","hash":"6da75157549913d40908cf1c3e710f996550d981"}
,"/home/lalo/projects/udemy/fernando-herrera/react/react-cero-experto-pruebas-intro/src/base-pruebas/07-deses-arr.js": {"path":"/home/lalo/projects/udemy/fernando-herrera/react/react-cero-experto-pruebas-intro/src/base-pruebas/07-deses-arr.js","statementMap":{"0":{"start":{"line":1,"column":30},"end":{"line":3,"column":1}},"1":{"start":{"line":2,"column":2},"end":{"line":2,"column":22}}},"fnMap":{"0":{"name":"(anonymous_0)","decl":{"start":{"line":1,"column":30},"end":{"line":1,"column":31}},"loc":{"start":{"line":1,"column":36},"end":{"line":3,"column":1}},"line":1}},"branchMap":{},"s":{"0":1,"1":1},"f":{"0":1},"b":{},"_coverageSchema":"1a1c01bbd47fc00a2c39e90264f33305004495a9","hash":"be4c120a9b6ee81fc59cb92f869e90dfe5fcfddd"}
,"/home/lalo/projects/udemy/fernando-herrera/react/react-cero-experto-pruebas-intro/src/base-pruebas/08-imp-exp.js": {"path":"/home/lalo/projects/udemy/fernando-herrera/react/react-cero-experto-pruebas-intro/src/base-pruebas/08-imp-exp.js","statementMap":{"0":{"start":{"line":3,"column":27},"end":{"line":3,"column":74}},"1":{"start":{"line":3,"column":35},"end":{"line":3,"column":74}},"2":{"start":{"line":3,"column":58},"end":{"line":3,"column":73}},"3":{"start":{"line":5,"column":32},"end":{"line":6,"column":49}},"4":{"start":{"line":6,"column":2},"end":{"line":6,"column":49}},"5":{"start":{"line":6,"column":27},"end":{"line":6,"column":48}}},"fnMap":{"0":{"name":"(anonymous_0)","decl":{"start":{"line":3,"column":27},"end":{"line":3,"column":28}},"loc":{"start":{"line":3,"column":35},"end":{"line":3,"column":74}},"line":3},"1":{"name":"(anonymous_1)","decl":{"start":{"line":3,"column":47},"end":{"line":3,"column":48}},"loc":{"start":{"line":3,"column":58},"end":{"line":3,"column":73}},"line":3},"2":{"name":"(anonymous_2)","decl":{"start":{"line":5,"column":32},"end":{"line":5,"column":33}},"loc":{"start":{"line":6,"column":2},"end":{"line":6,"column":49}},"line":6},"3":{"name":"(anonymous_3)","decl":{"start":{"line":6,"column":16},"end":{"line":6,"column":17}},"loc":{"start":{"line":6,"column":27},"end":{"line":6,"column":48}},"line":6}},"branchMap":{},"s":{"0":2,"1":4,"2":12,"3":2,"4":4,"5":20},"f":{"0":4,"1":12,"2":4,"3":20},"b":{},"_coverageSchema":"1a1c01bbd47fc00a2c39e90264f33305004495a9","hash":"4ba5b46b50077bf7ed7ceef9d18d5e81e7689bbf"}
,"/home/lalo/projects/udemy/fernando-herrera/react/react-cero-experto-pruebas-intro/src/base-pruebas/09-promesas.js": {"path":"/home/lalo/projects/udemy/fernando-herrera/react/react-cero-experto-pruebas-intro/src/base-pruebas/09-promesas.js","statementMap":{"0":{"start":{"line":3,"column":32},"end":{"line":14,"column":1}},"1":{"start":{"line":4,"column":2},"end":{"line":13,"column":5}},"2":{"start":{"line":5,"column":4},"end":{"line":12,"column":13}},"3":{"start":{"line":6,"column":17},"end":{"line":6,"column":32}},"4":{"start":{"line":7,"column":6},"end":{"line":11,"column":7}},"5":{"start":{"line":8,"column":8},"end":{"line":8,"column":20}},"6":{"start":{"line":10,"column":8},"end":{"line":10,"column":48}}},"fnMap":{"0":{"name":"(anonymous_0)","decl":{"start":{"line":3,"column":32},"end":{"line":3,"column":33}},"loc":{"start":{"line":3,"column":40},"end":{"line":14,"column":1}},"line":3},"1":{"name":"(anonymous_1)","decl":{"start":{"line":4,"column":21},"end":{"line":4,"column":22}},"loc":{"start":{"line":4,"column":42},"end":{"line":13,"column":3}},"line":4},"2":{"name":"(anonymous_2)","decl":{"start":{"line":5,"column":15},"end":{"line":5,"column":16}},"loc":{"start":{"line":5,"column":21},"end":{"line":12,"column":5}},"line":5}},"branchMap":{"0":{"loc":{"start":{"line":7,"column":6},"end":{"line":11,"column":7}},"type":"if","locations":[{"start":{"line":7,"column":6},"end":{"line":11,"column":7}},{"start":{"line":9,"column":13},"end":{"line":11,"column":7}}],"line":7}},"s":{"0":1,"1":2,"2":2,"3":2,"4":2,"5":1,"6":1},"f":{"0":2,"1":2,"2":2},"b":{"0":[1,1]},"_coverageSchema":"1a1c01bbd47fc00a2c39e90264f33305004495a9","hash":"ec568e9fa87b8d51cef453a80263c3a464c32479"}
,"/home/lalo/projects/udemy/fernando-herrera/react/react-cero-experto-pruebas-intro/src/base-pruebas/11-async-await.js": {"path":"/home/lalo/projects/udemy/fernando-herrera/react/react-cero-experto-pruebas-intro/src/base-pruebas/11-async-await.js","statementMap":{"0":{"start":{"line":1,"column":15},"end":{"line":1,"column":49}},"1":{"start":{"line":3,"column":37},"end":{"line":22,"column":1}},"2":{"start":{"line":4,"column":27},"end":{"line":6,"column":3}},"3":{"start":{"line":7,"column":2},"end":{"line":21,"column":3}},"4":{"start":{"line":8,"column":23},"end":{"line":8,"column":52}},"5":{"start":{"line":16,"column":8},"end":{"line":16,"column":18}},"6":{"start":{"line":18,"column":4},"end":{"line":18,"column":15}},"7":{"start":{"line":20,"column":4},"end":{"line":20,"column":24}}},"fnMap":{"0":{"name":"(anonymous_0)","decl":{"start":{"line":3,"column":37},"end":{"line":3,"column":38}},"loc":{"start":{"line":3,"column":49},"end":{"line":22,"column":1}},"line":3}},"branchMap":{},"s":{"0":1,"1":1,"2":1,"3":1,"4":1,"5":1,"6":1,"7":0},"f":{"0":1},"b":{},"_coverageSchema":"1a1c01bbd47fc00a2c39e90264f33305004495a9","hash":"553192245a9fd041132486a38d7241c6dfe605cc"}
,"/home/lalo/projects/udemy/fernando-herrera/react/react-cero-experto-pruebas-intro/src/data/heroes.js": {"path":"/home/lalo/projects/udemy/fernando-herrera/react/react-cero-experto-pruebas-intro/src/data/heroes.js","statementMap":{"0":{"start":{"line":1,"column":15},"end":{"line":27,"column":1}}},"fnMap":{},"branchMap":{},"s":{"0":2},"f":{},"b":{},"_coverageSchema":"1a1c01bbd47fc00a2c39e90264f33305004495a9","hash":"4de5d16d28dd0c324465c858ab3d308fca7820ab"}
}
