{"/Users/renerivas/Documents/projects/udemy/fernando-herrera/react-cero-experto-pruebas-intro/src/FirstApp.jsx": {"path":"/Users/renerivas/Documents/projects/udemy/fernando-herrera/react-cero-experto-pruebas-intro/src/FirstApp.jsx","statementMap":{"0":{"start":{"line":3,"column":24},"end":{"line":12,"column":1}},"1":{"start":{"line":4,"column":2},"end":{"line":11,"column":4}},"2":{"start":{"line":14,"column":0},"end":{"line":17,"column":2}},"3":{"start":{"line":19,"column":0},"end":{"line":23,"column":2}}},"fnMap":{"0":{"name":"(anonymous_0)","decl":{"start":{"line":3,"column":24},"end":{"line":3,"column":25}},"loc":{"start":{"line":3,"column":55},"end":{"line":12,"column":1}},"line":3}},"branchMap":{},"s":{"0":1,"1":2,"2":1,"3":1},"f":{"0":2},"b":{},"_coverageSchema":"1a1c01bbd47fc00a2c39e90264f33305004495a9","hash":"1a1c38a120ab0eddd80c6ac4f77635c508992869"}
,"/Users/renerivas/Documents/projects/udemy/fernando-herrera/react-cero-experto-pruebas-intro/src/base-pruebas/02-template-string.js": {"path":"/Users/renerivas/Documents/projects/udemy/fernando-herrera/react-cero-experto-pruebas-intro/src/base-pruebas/02-template-string.js","statementMap":{"0":{"start":{"line":2,"column":2},"end":{"line":2,"column":26}}},"fnMap":{"0":{"name":"getSaludo","decl":{"start":{"line":1,"column":16},"end":{"line":1,"column":25}},"loc":{"start":{"line":1,"column":34},"end":{"line":3,"column":1}},"line":1}},"branchMap":{},"s":{"0":1},"f":{"0":1},"b":{},"_coverageSchema":"1a1c01bbd47fc00a2c39e90264f33305004495a9","hash":"dcb342dd3a20a56c228e86106c76064a2f590f30"}
,"/Users/renerivas/Documents/projects/udemy/fernando-herrera/react-cero-experto-pruebas-intro/src/base-pruebas/05-funciones.js": {"path":"/Users/renerivas/Documents/projects/udemy/fernando-herrera/react-cero-experto-pruebas-intro/src/base-pruebas/05-funciones.js","statementMap":{"0":{"start":{"line":1,"column":23},"end":{"line":4,"column":2}},"1":{"start":{"line":1,"column":30},"end":{"line":4,"column":1}},"2":{"start":{"line":7,"column":32},"end":{"line":10,"column":2}},"3":{"start":{"line":7,"column":46},"end":{"line":10,"column":1}}},"fnMap":{"0":{"name":"(anonymous_0)","decl":{"start":{"line":1,"column":23},"end":{"line":1,"column":24}},"loc":{"start":{"line":1,"column":30},"end":{"line":4,"column":1}},"line":1},"1":{"name":"(anonymous_1)","decl":{"start":{"line":7,"column":32},"end":{"line":7,"column":33}},"loc":{"start":{"line":7,"column":46},"end":{"line":10,"column":1}},"line":7}},"branchMap":{},"s":{"0":1,"1":1,"2":1,"3":1},"f":{"0":1,"1":1},"b":{},"_coverageSchema":"1a1c01bbd47fc00a2c39e90264f33305004495a9","hash":"9dd16d717c25592e2406af52ae65bbc0e02246d6"}
,"/Users/renerivas/Documents/projects/udemy/fernando-herrera/react-cero-experto-pruebas-intro/src/base-pruebas/06-deses-obj.js": {"path":"/Users/renerivas/Documents/projects/udemy/fernando-herrera/react-cero-experto-pruebas-intro/src/base-pruebas/06-deses-obj.js","statementMap":{"0":{"start":{"line":1,"column":25},"end":{"line":10,"column":1}},"1":{"start":{"line":2,"column":2},"end":{"line":9,"column":4}}},"fnMap":{"0":{"name":"(anonymous_0)","decl":{"start":{"line":1,"column":25},"end":{"line":1,"column":26}},"loc":{"start":{"line":1,"column":73},"end":{"line":10,"column":1}},"line":1}},"branchMap":{"0":{"loc":{"start":{"line":1,"column":49},"end":{"line":1,"column":66}},"type":"default-arg","locations":[{"start":{"line":1,"column":57},"end":{"line":1,"column":66}}],"line":1}},"s":{"0":1,"1":1},"f":{"0":1},"b":{"0":[1]},"_coverageSchema":"1a1c01bbd47fc00a2c39e90264f33305004495a9","hash":"a6734363f711067778a1af1df4a0dc6866080254"}
,"/Users/renerivas/Documents/projects/udemy/fernando-herrera/react-cero-experto-pruebas-intro/src/base-pruebas/07-deses-arr.js": {"path":"/Users/renerivas/Documents/projects/udemy/fernando-herrera/react-cero-experto-pruebas-intro/src/base-pruebas/07-deses-arr.js","statementMap":{"0":{"start":{"line":1,"column":30},"end":{"line":3,"column":1}},"1":{"start":{"line":2,"column":2},"end":{"line":2,"column":22}}},"fnMap":{"0":{"name":"(anonymous_0)","decl":{"start":{"line":1,"column":30},"end":{"line":1,"column":31}},"loc":{"start":{"line":1,"column":36},"end":{"line":3,"column":1}},"line":1}},"branchMap":{},"s":{"0":1,"1":1},"f":{"0":1},"b":{},"_coverageSchema":"1a1c01bbd47fc00a2c39e90264f33305004495a9","hash":"5f46e86be587ebe642b1819bda036c25739acea2"}
,"/Users/renerivas/Documents/projects/udemy/fernando-herrera/react-cero-experto-pruebas-intro/src/base-pruebas/08-imp-exp.js": {"path":"/Users/renerivas/Documents/projects/udemy/fernando-herrera/react-cero-experto-pruebas-intro/src/base-pruebas/08-imp-exp.js","statementMap":{"0":{"start":{"line":3,"column":27},"end":{"line":3,"column":74}},"1":{"start":{"line":3,"column":35},"end":{"line":3,"column":74}},"2":{"start":{"line":3,"column":58},"end":{"line":3,"column":73}},"3":{"start":{"line":5,"column":32},"end":{"line":6,"column":49}},"4":{"start":{"line":6,"column":2},"end":{"line":6,"column":49}},"5":{"start":{"line":6,"column":27},"end":{"line":6,"column":48}}},"fnMap":{"0":{"name":"(anonymous_0)","decl":{"start":{"line":3,"column":27},"end":{"line":3,"column":28}},"loc":{"start":{"line":3,"column":35},"end":{"line":3,"column":74}},"line":3},"1":{"name":"(anonymous_1)","decl":{"start":{"line":3,"column":47},"end":{"line":3,"column":48}},"loc":{"start":{"line":3,"column":58},"end":{"line":3,"column":73}},"line":3},"2":{"name":"(anonymous_2)","decl":{"start":{"line":5,"column":32},"end":{"line":5,"column":33}},"loc":{"start":{"line":6,"column":2},"end":{"line":6,"column":49}},"line":6},"3":{"name":"(anonymous_3)","decl":{"start":{"line":6,"column":16},"end":{"line":6,"column":17}},"loc":{"start":{"line":6,"column":27},"end":{"line":6,"column":48}},"line":6}},"branchMap":{},"s":{"0":2,"1":4,"2":12,"3":2,"4":4,"5":20},"f":{"0":4,"1":12,"2":4,"3":20},"b":{},"_coverageSchema":"1a1c01bbd47fc00a2c39e90264f33305004495a9","hash":"b9eb62d16c5e9300c45ce6a991fb0307f476003a"}
,"/Users/renerivas/Documents/projects/udemy/fernando-herrera/react-cero-experto-pruebas-intro/src/base-pruebas/09-promesas.js": {"path":"/Users/renerivas/Documents/projects/udemy/fernando-herrera/react-cero-experto-pruebas-intro/src/base-pruebas/09-promesas.js","statementMap":{"0":{"start":{"line":3,"column":32},"end":{"line":14,"column":1}},"1":{"start":{"line":4,"column":2},"end":{"line":13,"column":5}},"2":{"start":{"line":5,"column":4},"end":{"line":12,"column":13}},"3":{"start":{"line":6,"column":17},"end":{"line":6,"column":32}},"4":{"start":{"line":7,"column":6},"end":{"line":11,"column":7}},"5":{"start":{"line":8,"column":8},"end":{"line":8,"column":20}},"6":{"start":{"line":10,"column":8},"end":{"line":10,"column":48}}},"fnMap":{"0":{"name":"(anonymous_0)","decl":{"start":{"line":3,"column":32},"end":{"line":3,"column":33}},"loc":{"start":{"line":3,"column":40},"end":{"line":14,"column":1}},"line":3},"1":{"name":"(anonymous_1)","decl":{"start":{"line":4,"column":21},"end":{"line":4,"column":22}},"loc":{"start":{"line":4,"column":42},"end":{"line":13,"column":3}},"line":4},"2":{"name":"(anonymous_2)","decl":{"start":{"line":5,"column":15},"end":{"line":5,"column":16}},"loc":{"start":{"line":5,"column":21},"end":{"line":12,"column":5}},"line":5}},"branchMap":{"0":{"loc":{"start":{"line":7,"column":6},"end":{"line":11,"column":7}},"type":"if","locations":[{"start":{"line":7,"column":6},"end":{"line":11,"column":7}},{"start":{"line":9,"column":13},"end":{"line":11,"column":7}}],"line":7}},"s":{"0":1,"1":2,"2":2,"3":2,"4":2,"5":1,"6":1},"f":{"0":2,"1":2,"2":2},"b":{"0":[1,1]},"_coverageSchema":"1a1c01bbd47fc00a2c39e90264f33305004495a9","hash":"dbf4b20b0fa7cc86d19d8afbe1e3479595ceebc8"}
,"/Users/renerivas/Documents/projects/udemy/fernando-herrera/react-cero-experto-pruebas-intro/src/base-pruebas/11-async-await.js": {"path":"/Users/renerivas/Documents/projects/udemy/fernando-herrera/react-cero-experto-pruebas-intro/src/base-pruebas/11-async-await.js","statementMap":{"0":{"start":{"line":1,"column":15},"end":{"line":1,"column":49}},"1":{"start":{"line":3,"column":37},"end":{"line":22,"column":1}},"2":{"start":{"line":4,"column":27},"end":{"line":6,"column":3}},"3":{"start":{"line":7,"column":2},"end":{"line":21,"column":3}},"4":{"start":{"line":8,"column":23},"end":{"line":8,"column":52}},"5":{"start":{"line":16,"column":8},"end":{"line":16,"column":18}},"6":{"start":{"line":18,"column":4},"end":{"line":18,"column":15}},"7":{"start":{"line":20,"column":4},"end":{"line":20,"column":24}}},"fnMap":{"0":{"name":"(anonymous_0)","decl":{"start":{"line":3,"column":37},"end":{"line":3,"column":38}},"loc":{"start":{"line":3,"column":49},"end":{"line":22,"column":1}},"line":3}},"branchMap":{},"s":{"0":1,"1":1,"2":1,"3":1,"4":1,"5":1,"6":1,"7":0},"f":{"0":1},"b":{},"_coverageSchema":"1a1c01bbd47fc00a2c39e90264f33305004495a9","hash":"63b0c9cd1a3e0bcf750a4619da2b49eb38d4da1a"}
,"/Users/renerivas/Documents/projects/udemy/fernando-herrera/react-cero-experto-pruebas-intro/src/data/heroes.js": {"path":"/Users/renerivas/Documents/projects/udemy/fernando-herrera/react-cero-experto-pruebas-intro/src/data/heroes.js","statementMap":{"0":{"start":{"line":1,"column":15},"end":{"line":27,"column":1}}},"fnMap":{},"branchMap":{},"s":{"0":2},"f":{},"b":{},"_coverageSchema":"1a1c01bbd47fc00a2c39e90264f33305004495a9","hash":"5fbe26baa5663ea75771c235473b813c8eb38ae8"}
}
